<?xml version="1.0" encoding="UTF-8"?>
<testng-results skipped="0" failed="0" ignored="0" total="1" passed="1">
  <reporter-output>
    <line>
      <![CDATA[hi]]>
    </line>
  </reporter-output>
  <suite name="Default suite" duration-ms="201" started-at="2021-04-03T06:12:15Z" finished-at="2021-04-03T06:12:15Z">
    <groups>
    </groups>
    <test name="Default test" duration-ms="201" started-at="2021-04-03T06:12:15Z" finished-at="2021-04-03T06:12:15Z">
      <class name="Monu.demoA">
        <test-method status="PASS" signature="testA()[pri:0, instance:Monu.demoA@6d8a00e3]" name="testA" duration-ms="66" started-at="2021-04-03T06:12:15Z" finished-at="2021-04-03T06:12:15Z">
          <reporter-output>
            <line>
              <![CDATA[hi]]>
            </line>
          </reporter-output>
        </test-method> <!-- testA -->
      </class> <!-- Monu.demoA -->
    </test> <!-- Default test -->
  </suite> <!-- Default suite -->
</testng-results>
